
======== GPU REPORT ========

==============NVSMI LOG==============

Timestamp                                 : Sat Feb  3 03:11:52 2024
Driver Version                            : 535.104.12
CUDA Version                              : 12.2

Attached GPUs                             : 4
GPU 00000000:01:00.0
    Accounting Mode                       : Enabled
    Accounting Mode Buffer Size           : 4000
    Accounted Processes
        Process ID                        : 14879
            GPU Utilization               : 0 %
            Memory Utilization            : 0 %
            Max memory usage              : 3180 MiB
            Time                          : 23017 ms
            Is Running                    : 0

GPU 00000000:41:00.0
    Accounting Mode                       : Enabled
    Accounting Mode Buffer Size           : 4000
    Accounted Processes
        Process ID                        : 14880
            GPU Utilization               : 0 %
            Memory Utilization            : 0 %
            Max memory usage              : 3252 MiB
            Time                          : 22465 ms
            Is Running                    : 0

GPU 00000000:81:00.0
    Accounting Mode                       : Enabled
    Accounting Mode Buffer Size           : 4000
    Accounted Processes
        Process ID                        : 14881
            GPU Utilization               : 0 %
            Memory Utilization            : 0 %
            Max memory usage              : 3252 MiB
            Time                          : 22370 ms
            Is Running                    : 0

GPU 00000000:C1:00.0
    Accounting Mode                       : Enabled
    Accounting Mode Buffer Size           : 4000
    Accounted Processes
        Process ID                        : 14882
            GPU Utilization               : 0 %
            Memory Utilization            : 0 %
            Max memory usage              : 3180 MiB
            Time                          : 22783 ms
            Is Running                    : 0

Sat Feb  3 03:11:52 2024       
+---------------------------------------------------------------------------------------+
| NVIDIA-SMI 535.104.12             Driver Version: 535.104.12   CUDA Version: 12.2     |
|-----------------------------------------+----------------------+----------------------+
| GPU  Name                 Persistence-M | Bus-Id        Disp.A | Volatile Uncorr. ECC |
| Fan  Temp   Perf          Pwr:Usage/Cap |         Memory-Usage | GPU-Util  Compute M. |
|                                         |                      |               MIG M. |
|=========================================+======================+======================|
|   0  NVIDIA A100-SXM4-80GB          On  | 00000000:01:00.0 Off |                    0 |
| N/A   28C    P0              85W / 500W |      2MiB / 81920MiB |      0%      Default |
|                                         |                      |             Disabled |
+-----------------------------------------+----------------------+----------------------+
|   1  NVIDIA A100-SXM4-80GB          On  | 00000000:41:00.0 Off |                    0 |
| N/A   26C    P0              66W / 500W |      2MiB / 81920MiB |      0%      Default |
|                                         |                      |             Disabled |
+-----------------------------------------+----------------------+----------------------+
|   2  NVIDIA A100-SXM4-80GB          On  | 00000000:81:00.0 Off |                    0 |
| N/A   29C    P0              87W / 500W |      2MiB / 81920MiB |      0%      Default |
|                                         |                      |             Disabled |
+-----------------------------------------+----------------------+----------------------+
|   3  NVIDIA A100-SXM4-80GB          On  | 00000000:C1:00.0 Off |                    0 |
| N/A   28C    P0              90W / 500W |      2MiB / 81920MiB |      0%      Default |
|                                         |                      |             Disabled |
+-----------------------------------------+----------------------+----------------------+
                                                                                         
+---------------------------------------------------------------------------------------+
| Processes:                                                                            |
|  GPU   GI   CI        PID   Type   Process name                            GPU Memory |
|        ID   ID                                                             Usage      |
|=======================================================================================|
|  No running processes found                                                           |
+---------------------------------------------------------------------------------------+
